---------------------------------------------------------------
[ 2018-01-29T14:22:07+08:00 ] 192.168.1.209 118.112.122.219 GET /
[ info ] weiju-api.greatsir.com/ [运行时间：0.044860s][吞吐率：22.29req/s] [内存消耗：869.25kb] [文件加载：58]
[ info ] [ LANG ] /data/wwwroot/weiju01.git/thinkphp/lang/zh-cn.php
[ info ] [ ROUTE ] array (
  'type' => 'module',
  'module' => 
  array (
    0 => '',
    1 => NULL,
    2 => NULL,
  ),
)
[ info ] [ HEADER ] array (
  'cookie' => '_ga=GA1.2.1709325874.1509780698',
  'accept-language' => 'zh-CN,zh;q=0.9,en;q=0.8',
  'accept-encoding' => 'gzip, deflate, br',
  'accept' => 'text/html,application/xhtml+xml,application/xml;q=0.9,image/webp,image/apng,*/*;q=0.8',
  'upgrade-insecure-requests' => '1',
  'user-agent' => 'Mozilla/5.0 (Macintosh; Intel Mac OS X 10_13_2) AppleWebKit/537.36 (KHTML, like Gecko) Chrome/63.0.3239.132 Safari/537.36',
  'connection' => 'keep-alive',
  'host' => 'weiju-api.greatsir.com',
  'content-type' => '',
  'content-length' => '',
)
[ info ] [ PARAM ] array (
)
[ info ] [ RUN ] app\common\controller\Index->index[ /data/wwwroot/weiju01.git/application/common/controller/Index.php ]
[ info ] [ LOG ] INIT File
---------------------------------------------------------------
[ 2018-01-29T14:24:57+08:00 ] 192.168.1.209 182.148.70.225 GET /
[ info ] weiju-api.greatsir.com/ [运行时间：0.008217s][吞吐率：121.70req/s] [内存消耗：733.64kb] [文件加载：58]
[ info ] [ LANG ] /data/wwwroot/weiju01.git/thinkphp/lang/zh-cn.php
[ info ] [ ROUTE ] array (
  'type' => 'module',
  'module' => 
  array (
    0 => '',
    1 => NULL,
    2 => NULL,
  ),
)
[ info ] [ HEADER ] array (
  'connection' => 'Keep-Alive',
  'host' => 'weiju-api.greatsir.com',
  'accept-encoding' => 'gzip, deflate',
  'user-agent' => 'Mozilla/4.0 (compatible; MSIE 8.0; Windows NT 6.1; WOW64; Trident/4.0; SLCC2; .NET CLR 2.0.50727; .NET CLR 3.5.30729; .NET CLR 3.0.30729; Media Center PC 6.0; .NET4.0C; .NET4.0E)',
  'accept-language' => 'zh-cn',
  'accept' => 'application/x-ms-application, image/jpeg, application/xaml+xml, image/gif, image/pjpeg, application/x-ms-xbap, */*',
  'content-type' => '',
  'content-length' => '',
)
[ info ] [ PARAM ] array (
)
[ info ] [ RUN ] app\common\controller\Index->index[ /data/wwwroot/weiju01.git/application/common/controller/Index.php ]
[ info ] [ LOG ] INIT File
---------------------------------------------------------------
[ 2018-01-29T14:25:07+08:00 ] 192.168.1.209 182.148.70.225 GET /
[ info ] weiju-api.greatsir.com/ [运行时间：0.007274s][吞吐率：137.47req/s] [内存消耗：734.01kb] [文件加载：58]
[ info ] [ LANG ] /data/wwwroot/weiju01.git/thinkphp/lang/zh-cn.php
[ info ] [ ROUTE ] array (
  'type' => 'module',
  'module' => 
  array (
    0 => '',
    1 => NULL,
    2 => NULL,
  ),
)
[ info ] [ HEADER ] array (
  'accept-language' => 'zh-CN,zh;q=0.8',
  'accept-encoding' => 'gzip, deflate, sdch',
  'user-agent' => 'Mozilla/5.0 (Windows NT 6.1; WOW64) AppleWebKit/537.36 (KHTML, like Gecko) Chrome/45.0.2454.101 Safari/537.36',
  'upgrade-insecure-requests' => '1',
  'accept' => 'text/html,application/xhtml+xml,application/xml;q=0.9,image/webp,*/*;q=0.8',
  'connection' => 'keep-alive',
  'host' => 'weiju-api.greatsir.com',
  'content-type' => '',
  'content-length' => '',
)
[ info ] [ PARAM ] array (
)
[ info ] [ RUN ] app\common\controller\Index->index[ /data/wwwroot/weiju01.git/application/common/controller/Index.php ]
[ info ] [ LOG ] INIT File
---------------------------------------------------------------
[ 2018-01-29T14:25:14+08:00 ] 192.168.1.209 118.114.107.120 GET /
[ info ] weiju-api.greatsir.com/ [运行时间：0.007198s][吞吐率：138.93req/s] [内存消耗：734.01kb] [文件加载：58]
[ info ] [ LANG ] /data/wwwroot/weiju01.git/thinkphp/lang/zh-cn.php
[ info ] [ ROUTE ] array (
  'type' => 'module',
  'module' => 
  array (
    0 => '',
    1 => NULL,
    2 => NULL,
  ),
)
[ info ] [ HEADER ] array (
  'accept-language' => 'zh-CN,zh;q=0.9',
  'accept-encoding' => 'gzip, deflate, br',
  'accept' => 'text/html,application/xhtml+xml,application/xml;q=0.9,image/webp,image/apng,*/*;q=0.8',
  'upgrade-insecure-requests' => '1',
  'user-agent' => 'Mozilla/5.0 (Windows NT 6.1; WOW64) AppleWebKit/537.36 (KHTML, like Gecko) Chrome/63.0.3239.132 Safari/537.36',
  'connection' => 'keep-alive',
  'host' => 'weiju-api.greatsir.com',
  'content-type' => '',
  'content-length' => '',
)
[ info ] [ PARAM ] array (
)
[ info ] [ RUN ] app\common\controller\Index->index[ /data/wwwroot/weiju01.git/application/common/controller/Index.php ]
[ info ] [ LOG ] INIT File
---------------------------------------------------------------
[ 2018-01-29T14:25:20+08:00 ] 192.168.1.209 118.114.107.120 GET /index
[ info ] weiju-api.greatsir.com/index [运行时间：0.006135s][吞吐率：163.00req/s] [内存消耗：737.45kb] [文件加载：57]
[ info ] [ LANG ] /data/wwwroot/weiju01.git/thinkphp/lang/zh-cn.php
[ info ] [ ROUTE ] array (
  'type' => 'module',
  'module' => 
  array (
    0 => 'index',
    1 => NULL,
    2 => NULL,
  ),
)
[ info ] [ HEADER ] array (
  'accept-language' => 'zh-CN,zh;q=0.9',
  'accept-encoding' => 'gzip, deflate, br',
  'accept' => 'text/html,application/xhtml+xml,application/xml;q=0.9,image/webp,image/apng,*/*;q=0.8',
  'upgrade-insecure-requests' => '1',
  'user-agent' => 'Mozilla/5.0 (Windows NT 6.1; WOW64) AppleWebKit/537.36 (KHTML, like Gecko) Chrome/63.0.3239.132 Safari/537.36',
  'connection' => 'keep-alive',
  'host' => 'weiju-api.greatsir.com',
  'content-type' => '',
  'content-length' => '',
)
[ info ] [ PARAM ] array (
)
[ info ] [ LOG ] INIT File
---------------------------------------------------------------
[ 2018-01-29T14:25:26+08:00 ] 192.168.1.209 118.114.107.120 GET /rank
[ info ] weiju-api.greatsir.com/rank [运行时间：0.004005s][吞吐率：249.69req/s] [内存消耗：736.15kb] [文件加载：57]
[ info ] [ LANG ] /data/wwwroot/weiju01.git/thinkphp/lang/zh-cn.php
[ info ] [ ROUTE ] array (
  'type' => 'module',
  'module' => 
  array (
    0 => 'rank',
    1 => NULL,
    2 => NULL,
  ),
)
[ info ] [ HEADER ] array (
  'accept-language' => 'zh-CN,zh;q=0.9',
  'accept-encoding' => 'gzip, deflate, br',
  'accept' => 'text/html,application/xhtml+xml,application/xml;q=0.9,image/webp,image/apng,*/*;q=0.8',
  'upgrade-insecure-requests' => '1',
  'user-agent' => 'Mozilla/5.0 (Windows NT 6.1; WOW64) AppleWebKit/537.36 (KHTML, like Gecko) Chrome/63.0.3239.132 Safari/537.36',
  'connection' => 'keep-alive',
  'host' => 'weiju-api.greatsir.com',
  'content-type' => '',
  'content-length' => '',
)
[ info ] [ PARAM ] array (
)
[ info ] [ LOG ] INIT File
---------------------------------------------------------------
[ 2018-01-29T14:25:29+08:00 ] 192.168.1.209 118.114.107.120 GET /admin
[ info ] weiju-api.greatsir.com/admin [运行时间：0.004339s][吞吐率：230.47req/s] [内存消耗：736.90kb] [文件加载：59]
[ info ] [ LANG ] /data/wwwroot/weiju01.git/thinkphp/lang/zh-cn.php
[ info ] [ ROUTE ] array (
  'type' => 'module',
  'module' => 
  array (
    0 => 'admin',
    1 => NULL,
    2 => NULL,
  ),
)
[ info ] [ HEADER ] array (
  'accept-language' => 'zh-CN,zh;q=0.9',
  'accept-encoding' => 'gzip, deflate, br',
  'accept' => 'text/html,application/xhtml+xml,application/xml;q=0.9,image/webp,image/apng,*/*;q=0.8',
  'upgrade-insecure-requests' => '1',
  'user-agent' => 'Mozilla/5.0 (Windows NT 6.1; WOW64) AppleWebKit/537.36 (KHTML, like Gecko) Chrome/63.0.3239.132 Safari/537.36',
  'connection' => 'keep-alive',
  'host' => 'weiju-api.greatsir.com',
  'content-type' => '',
  'content-length' => '',
)
[ info ] [ PARAM ] array (
)
[ info ] [ LOG ] INIT File
---------------------------------------------------------------
[ 2018-01-29T14:25:34+08:00 ] 192.168.1.209 118.114.107.120 GET /admin/admin
[ info ] weiju-api.greatsir.com/admin/admin [运行时间：0.005673s][吞吐率：176.28req/s] [内存消耗：753.91kb] [文件加载：62]
[ info ] [ LANG ] /data/wwwroot/weiju01.git/thinkphp/lang/zh-cn.php
[ info ] [ ROUTE ] array (
  'type' => 'module',
  'module' => 
  array (
    0 => 'admin',
    1 => 'admin',
    2 => NULL,
  ),
)
[ info ] [ HEADER ] array (
  'accept-language' => 'zh-CN,zh;q=0.9',
  'accept-encoding' => 'gzip, deflate, br',
  'accept' => 'text/html,application/xhtml+xml,application/xml;q=0.9,image/webp,image/apng,*/*;q=0.8',
  'upgrade-insecure-requests' => '1',
  'user-agent' => 'Mozilla/5.0 (Windows NT 6.1; WOW64) AppleWebKit/537.36 (KHTML, like Gecko) Chrome/63.0.3239.132 Safari/537.36',
  'connection' => 'keep-alive',
  'host' => 'weiju-api.greatsir.com',
  'content-type' => '',
  'content-length' => '',
)
[ info ] [ PARAM ] array (
)
[ info ] [ LOG ] INIT File
---------------------------------------------------------------
[ 2018-01-29T14:57:06+08:00 ] 192.168.1.209 182.148.70.225 GET /
[ info ] weiju-api.greatsir.com/ [运行时间：0.007197s][吞吐率：138.95req/s] [内存消耗：734.01kb] [文件加载：58]
[ info ] [ LANG ] /data/wwwroot/weiju01.git/thinkphp/lang/zh-cn.php
[ info ] [ ROUTE ] array (
  'type' => 'module',
  'module' => 
  array (
    0 => '',
    1 => NULL,
    2 => NULL,
  ),
)
[ info ] [ HEADER ] array (
  'accept-language' => 'zh-CN,zh;q=0.8',
  'accept-encoding' => 'gzip, deflate, sdch',
  'user-agent' => 'Mozilla/5.0 (Windows NT 6.1; WOW64) AppleWebKit/537.36 (KHTML, like Gecko) Chrome/45.0.2454.101 Safari/537.36',
  'upgrade-insecure-requests' => '1',
  'accept' => 'text/html,application/xhtml+xml,application/xml;q=0.9,image/webp,*/*;q=0.8',
  'connection' => 'keep-alive',
  'host' => 'weiju-api.greatsir.com',
  'content-type' => '',
  'content-length' => '',
)
[ info ] [ PARAM ] array (
)
[ info ] [ RUN ] app\common\controller\Index->index[ /data/wwwroot/weiju01.git/application/common/controller/Index.php ]
[ info ] [ LOG ] INIT File
---------------------------------------------------------------
[ 2018-01-29T15:21:46+08:00 ] 192.168.1.209 182.148.70.225 GET /
[ info ] weiju-api.greatsir.com/ [运行时间：0.007971s][吞吐率：125.45req/s] [内存消耗：734.01kb] [文件加载：58]
[ info ] [ LANG ] /data/wwwroot/weiju01.git/thinkphp/lang/zh-cn.php
[ info ] [ ROUTE ] array (
  'type' => 'module',
  'module' => 
  array (
    0 => '',
    1 => NULL,
    2 => NULL,
  ),
)
[ info ] [ HEADER ] array (
  'accept-language' => 'zh-CN,zh;q=0.8',
  'accept-encoding' => 'gzip, deflate, sdch',
  'user-agent' => 'Mozilla/5.0 (Windows NT 6.1; WOW64) AppleWebKit/537.36 (KHTML, like Gecko) Chrome/45.0.2454.101 Safari/537.36',
  'upgrade-insecure-requests' => '1',
  'accept' => 'text/html,application/xhtml+xml,application/xml;q=0.9,image/webp,*/*;q=0.8',
  'connection' => 'keep-alive',
  'host' => 'weiju-api.greatsir.com',
  'content-type' => '',
  'content-length' => '',
)
[ info ] [ PARAM ] array (
)
[ info ] [ RUN ] app\common\controller\Index->index[ /data/wwwroot/weiju01.git/application/common/controller/Index.php ]
[ info ] [ LOG ] INIT File
---------------------------------------------------------------
[ 2018-01-29T16:02:48+08:00 ] 192.168.1.209 118.112.122.219 GET /
[ info ] weiju-api.greatsir.com/ [运行时间：0.031867s][吞吐率：31.38req/s] [内存消耗：737.02kb] [文件加载：58]
[ info ] [ LANG ] /data/wwwroot/weiju01.git/thinkphp/lang/zh-cn.php
[ info ] [ ROUTE ] array (
  'type' => 'module',
  'module' => 
  array (
    0 => '',
    1 => NULL,
    2 => NULL,
  ),
)
[ info ] [ HEADER ] array (
  'connection' => 'keep-alive',
  'accept-encoding' => 'gzip, deflate',
  'host' => 'weiju-api.greatsir.com',
  'accept' => '*/*',
  'user-agent' => 'PostmanRuntime/6.4.1',
  'postman-token' => 'd79f745d-028d-4e98-8abb-fe16244f0d8f',
  'cache-control' => 'no-cache',
  'content-type' => '',
  'content-length' => '',
)
[ info ] [ PARAM ] array (
)
[ info ] [ RUN ] app\common\controller\Index->index[ /data/wwwroot/weiju01.git/application/common/controller/Index.php ]
[ info ] [ LOG ] INIT File
---------------------------------------------------------------
[ 2018-01-29T16:03:13+08:00 ] 192.168.1.209 118.112.122.219 POST /challenge/deal
[ info ] weiju-api.greatsir.com/challenge/deal [运行时间：0.002966s][吞吐率：337.16req/s] [内存消耗：735.77kb] [文件加载：60]
[ info ] [ LANG ] /data/wwwroot/weiju01.git/thinkphp/lang/zh-cn.php
[ info ] [ ROUTE ] array (
  'type' => 'module',
  'module' => 
  array (
    0 => 'challenge',
    1 => 'Challenge',
    2 => 'deal',
  ),
  'convert' => false,
)
[ info ] [ HEADER ] array (
  'connection' => 'keep-alive',
  'content-length' => '0',
  'accept-encoding' => 'gzip, deflate',
  'host' => 'weiju-api.greatsir.com',
  'accept' => '*/*',
  'user-agent' => 'PostmanRuntime/6.4.1',
  'postman-token' => 'd88e9209-c374-4ad6-b614-1ecdde233416',
  'cache-control' => 'no-cache',
  'content-type' => '',
)
[ info ] [ PARAM ] array (
)
[ info ] [ LOG ] INIT File
---------------------------------------------------------------
[ 2018-01-29T16:04:00+08:00 ] 192.168.1.209 118.112.122.219 POST /challenge/deal
[ info ] weiju-api.greatsir.com/challenge/deal [运行时间：0.004619s][吞吐率：216.49req/s] [内存消耗：790.54kb] [文件加载：65]
[ info ] [ LANG ] /data/wwwroot/weiju01.git/thinkphp/lang/zh-cn.php
[ info ] [ ROUTE ] array (
  'type' => 'module',
  'module' => 
  array (
    0 => 'challenge',
    1 => 'Challenge',
    2 => 'deal',
  ),
  'convert' => false,
)
[ info ] [ HEADER ] array (
  'connection' => 'keep-alive',
  'content-length' => '0',
  'accept-encoding' => 'gzip, deflate',
  'host' => 'weiju-api.greatsir.com',
  'accept' => '*/*',
  'user-agent' => 'PostmanRuntime/6.4.1',
  'identity' => 'yezhu',
  'postman-token' => '67230d8c-1662-4847-b8f1-11d394a2e1fc',
  'cache-control' => 'no-cache',
  'content-type' => '',
)
[ info ] [ PARAM ] array (
)
[ info ] [ RUN ] app\challenge\controller\Challenge->deal[ /data/wwwroot/weiju01.git/application/challenge/controller/Challenge.php ]
[ info ] [ LOG ] INIT File
[ error ] [0]类型错误: Too few arguments to function app\challenge\service\ChallengeService::Settlement(), 1 passed in /data/wwwroot/weiju01.git/application/challenge/controller/Challenge.php on line 23 and exactly 2 expected[/data/wwwroot/weiju01.git/application/challenge/service/ChallengeService.php:21]
---------------------------------------------------------------
[ 2018-01-29T16:05:36+08:00 ] 192.168.1.209 118.112.122.219 POST /challenge/deal
[ info ] weiju-api.greatsir.com/challenge/deal [运行时间：0.003689s][吞吐率：271.07req/s] [内存消耗：737.66kb] [文件加载：64]
[ info ] [ LANG ] /data/wwwroot/weiju01.git/thinkphp/lang/zh-cn.php
[ info ] [ ROUTE ] array (
  'type' => 'module',
  'module' => 
  array (
    0 => 'challenge',
    1 => 'Challenge',
    2 => 'deal',
  ),
  'convert' => false,
)
[ info ] [ HEADER ] array (
  'connection' => 'keep-alive',
  'content-length' => '0',
  'accept-encoding' => 'gzip, deflate',
  'host' => 'weiju-api.greatsir.com',
  'accept' => '*/*',
  'user-agent' => 'PostmanRuntime/6.4.1',
  'identity' => 'yezhu',
  'postman-token' => '5c762528-2e39-46ad-8e25-78aa81f0618c',
  'cache-control' => 'no-cache',
  'content-type' => '',
)
[ info ] [ PARAM ] array (
)
[ info ] [ RUN ] app\challenge\controller\Challenge->deal[ /data/wwwroot/weiju01.git/application/challenge/controller/Challenge.php ]
[ info ] [ LOG ] INIT File
[ error ] [0]类型错误: Too few arguments to function app\challenge\service\ChallengeService::Settlement(), 1 passed in /data/wwwroot/weiju01.git/application/challenge/controller/Challenge.php on line 23 and exactly 2 expected[/data/wwwroot/weiju01.git/application/challenge/service/ChallengeService.php:21]
---------------------------------------------------------------
[ 2018-01-29T16:07:32+08:00 ] 192.168.1.209 118.112.122.219 POST /challenge/deal
[ info ] weiju-api.greatsir.com/challenge/deal [运行时间：0.003515s][吞吐率：284.49req/s] [内存消耗：741.01kb] [文件加载：63]
[ info ] [ LANG ] /data/wwwroot/weiju01.git/thinkphp/lang/zh-cn.php
[ info ] [ ROUTE ] array (
  'type' => 'module',
  'module' => 
  array (
    0 => 'challenge',
    1 => 'Challenge',
    2 => 'deal',
  ),
  'convert' => false,
)
[ info ] [ HEADER ] array (
  'connection' => 'keep-alive',
  'content-length' => '0',
  'accept-encoding' => 'gzip, deflate',
  'host' => 'weiju-api.greatsir.com',
  'accept' => '*/*',
  'user-agent' => 'PostmanRuntime/6.4.1',
  'identity' => 'yezhu',
  'postman-token' => 'f0f2cde3-4d7f-4613-a0cf-c28ca7b43d01',
  'cache-control' => 'no-cache',
  'content-type' => '',
)
[ info ] [ PARAM ] array (
)
[ info ] [ RUN ] app\challenge\controller\Challenge->deal[ /data/wwwroot/weiju01.git/application/challenge/controller/Challenge.php ]
[ info ] [ LOG ] INIT File
---------------------------------------------------------------
[ 2018-01-29T16:08:18+08:00 ] 192.168.1.209 118.112.122.219 POST /challenge/deal
[ info ] weiju-api.greatsir.com/challenge/deal [运行时间：0.002812s][吞吐率：355.63req/s] [内存消耗：739.80kb] [文件加载：63]
[ info ] [ LANG ] /data/wwwroot/weiju01.git/thinkphp/lang/zh-cn.php
[ info ] [ ROUTE ] array (
  'type' => 'module',
  'module' => 
  array (
    0 => 'challenge',
    1 => 'Challenge',
    2 => 'deal',
  ),
  'convert' => false,
)
[ info ] [ HEADER ] array (
  'connection' => 'keep-alive',
  'content-length' => '0',
  'accept-encoding' => 'gzip, deflate',
  'host' => 'weiju-api.greatsir.com',
  'accept' => '*/*',
  'user-agent' => 'PostmanRuntime/6.4.1',
  'identity' => 'yezhu',
  'postman-token' => '2429f136-d8ad-4385-aac1-4a9a68b3264b',
  'cache-control' => 'no-cache',
  'content-type' => '',
)
[ info ] [ PARAM ] array (
)
[ info ] [ RUN ] app\challenge\controller\Challenge->deal[ /data/wwwroot/weiju01.git/application/challenge/controller/Challenge.php ]
[ info ] [ LOG ] INIT File
---------------------------------------------------------------
[ 2018-01-29T16:09:26+08:00 ] 192.168.1.209 118.112.122.219 POST /challenge/deal
[ info ] weiju-api.greatsir.com/challenge/deal [运行时间：0.003817s][吞吐率：261.98req/s] [内存消耗：749.04kb] [文件加载：58]
[ info ] [ LANG ] /data/wwwroot/weiju01.git/thinkphp/lang/zh-cn.php
[ info ] [ ROUTE ] array (
  'type' => 'module',
  'module' => 
  array (
    0 => 'challenge',
    1 => 'Challenge',
    2 => 'deal',
  ),
  'convert' => false,
)
[ info ] [ HEADER ] array (
  'connection' => 'keep-alive',
  'content-length' => '0',
  'accept-encoding' => 'gzip, deflate',
  'host' => 'weiju-api.greatsir.com',
  'accept' => '*/*',
  'user-agent' => 'PostmanRuntime/6.4.1',
  'identity' => 'yezhu',
  'postman-token' => 'ff19dbdd-e9e8-45e7-b3e1-57ee55de2ebd',
  'cache-control' => 'no-cache',
  'content-type' => '',
)
[ info ] [ PARAM ] array (
)
[ info ] [ RUN ] app\challenge\controller\Challenge->deal[ /data/wwwroot/weiju01.git/application/challenge/controller/Challenge.php ]
[ info ] [ LOG ] INIT File
---------------------------------------------------------------
[ 2018-01-29T16:11:39+08:00 ] 192.168.1.209 118.112.122.219 POST /challenge/deal
[ info ] weiju-api.greatsir.com/challenge/deal [运行时间：0.003761s][吞吐率：265.88req/s] [内存消耗：754.91kb] [文件加载：61]
[ info ] [ LANG ] /data/wwwroot/weiju01.git/thinkphp/lang/zh-cn.php
[ info ] [ ROUTE ] array (
  'type' => 'module',
  'module' => 
  array (
    0 => 'challenge',
    1 => 'Challenge',
    2 => 'deal',
  ),
  'convert' => false,
)
[ info ] [ HEADER ] array (
  'connection' => 'keep-alive',
  'content-length' => '0',
  'accept-encoding' => 'gzip, deflate',
  'host' => 'weiju-api.greatsir.com',
  'accept' => '*/*',
  'user-agent' => 'PostmanRuntime/6.4.1',
  'identity' => 'yezhu',
  'postman-token' => 'fdb21d85-2cb7-4091-8244-8a66743044b4',
  'cache-control' => 'no-cache',
  'content-type' => '',
)
[ info ] [ PARAM ] array (
)
[ info ] [ RUN ] app\challenge\controller\Challenge->deal[ /data/wwwroot/weiju01.git/application/challenge/controller/Challenge.php ]
[ info ] [ LOG ] INIT File
---------------------------------------------------------------
[ 2018-01-29T16:12:17+08:00 ] 192.168.1.209 118.112.122.219 POST /challenge/deal
[ info ] weiju-api.greatsir.com/challenge/deal [运行时间：0.002565s][吞吐率：389.88req/s] [内存消耗：753.70kb] [文件加载：61]
[ info ] [ LANG ] /data/wwwroot/weiju01.git/thinkphp/lang/zh-cn.php
[ info ] [ ROUTE ] array (
  'type' => 'module',
  'module' => 
  array (
    0 => 'challenge',
    1 => 'Challenge',
    2 => 'deal',
  ),
  'convert' => false,
)
[ info ] [ HEADER ] array (
  'connection' => 'keep-alive',
  'content-length' => '0',
  'accept-encoding' => 'gzip, deflate',
  'host' => 'weiju-api.greatsir.com',
  'accept' => '*/*',
  'user-agent' => 'PostmanRuntime/6.4.1',
  'identity' => 'yezhu',
  'postman-token' => 'e718b24d-7fbd-4ff8-9114-3445778d4238',
  'cache-control' => 'no-cache',
  'content-type' => '',
)
[ info ] [ PARAM ] array (
)
[ info ] [ RUN ] app\challenge\controller\Challenge->deal[ /data/wwwroot/weiju01.git/application/challenge/controller/Challenge.php ]
[ info ] [ LOG ] INIT File
---------------------------------------------------------------
[ 2018-01-29T16:12:18+08:00 ] 192.168.1.209 118.112.122.219 POST /challenge/deal
[ info ] weiju-api.greatsir.com/challenge/deal [运行时间：0.002764s][吞吐率：361.80req/s] [内存消耗：753.70kb] [文件加载：61]
[ info ] [ LANG ] /data/wwwroot/weiju01.git/thinkphp/lang/zh-cn.php
[ info ] [ ROUTE ] array (
  'type' => 'module',
  'module' => 
  array (
    0 => 'challenge',
    1 => 'Challenge',
    2 => 'deal',
  ),
  'convert' => false,
)
[ info ] [ HEADER ] array (
  'connection' => 'keep-alive',
  'content-length' => '0',
  'accept-encoding' => 'gzip, deflate',
  'host' => 'weiju-api.greatsir.com',
  'accept' => '*/*',
  'user-agent' => 'PostmanRuntime/6.4.1',
  'identity' => 'yezhu',
  'postman-token' => '390799d1-802c-4597-90d7-ba9380510856',
  'cache-control' => 'no-cache',
  'content-type' => '',
)
[ info ] [ PARAM ] array (
)
[ info ] [ RUN ] app\challenge\controller\Challenge->deal[ /data/wwwroot/weiju01.git/application/challenge/controller/Challenge.php ]
[ info ] [ LOG ] INIT File
---------------------------------------------------------------
[ 2018-01-29T16:12:55+08:00 ] 192.168.1.209 118.112.122.219 POST /challenge/deal
[ info ] weiju-api.greatsir.com/challenge/deal [运行时间：0.003700s][吞吐率：270.29req/s] [内存消耗：740.91kb] [文件加载：63]
[ info ] [ LANG ] /data/wwwroot/weiju01.git/thinkphp/lang/zh-cn.php
[ info ] [ ROUTE ] array (
  'type' => 'module',
  'module' => 
  array (
    0 => 'challenge',
    1 => 'Challenge',
    2 => 'deal',
  ),
  'convert' => false,
)
[ info ] [ HEADER ] array (
  'connection' => 'keep-alive',
  'content-length' => '0',
  'accept-encoding' => 'gzip, deflate',
  'host' => 'weiju-api.greatsir.com',
  'accept' => '*/*',
  'user-agent' => 'PostmanRuntime/6.4.1',
  'identity' => 'yezhu',
  'postman-token' => '3bac8f99-6cff-40e0-bb58-2efa09179c20',
  'cache-control' => 'no-cache',
  'content-type' => '',
)
[ info ] [ PARAM ] array (
)
[ info ] [ RUN ] app\challenge\controller\Challenge->deal[ /data/wwwroot/weiju01.git/application/challenge/controller/Challenge.php ]
[ info ] [ LOG ] INIT File
---------------------------------------------------------------
[ 2018-01-29T16:13:57+08:00 ] 192.168.1.209 118.112.122.219 POST /challenge/deal
[ info ] weiju-api.greatsir.com/challenge/deal [运行时间：0.003344s][吞吐率：299.04req/s] [内存消耗：753.84kb] [文件加载：60]
[ info ] [ LANG ] /data/wwwroot/weiju01.git/thinkphp/lang/zh-cn.php
[ info ] [ ROUTE ] array (
  'type' => 'module',
  'module' => 
  array (
    0 => 'challenge',
    1 => 'Challenge',
    2 => 'deal',
  ),
  'convert' => false,
)
[ info ] [ HEADER ] array (
  'connection' => 'keep-alive',
  'content-length' => '0',
  'accept-encoding' => 'gzip, deflate',
  'host' => 'weiju-api.greatsir.com',
  'accept' => '*/*',
  'user-agent' => 'PostmanRuntime/6.4.1',
  'identity' => 'yezhu',
  'postman-token' => 'ff5043bc-d420-4dd8-8323-05b01b528195',
  'cache-control' => 'no-cache',
  'content-type' => '',
)
[ info ] [ PARAM ] array (
)
[ info ] [ RUN ] app\challenge\controller\Challenge->deal[ /data/wwwroot/weiju01.git/application/challenge/controller/Challenge.php ]
[ info ] [ LOG ] INIT File
---------------------------------------------------------------
[ 2018-01-29T16:15:58+08:00 ] 192.168.1.209 118.112.122.219 POST /challenge/deal
[ info ] weiju-api.greatsir.com/challenge/deal [运行时间：0.003746s][吞吐率：266.95req/s] [内存消耗：755.28kb] [文件加载：61]
[ info ] [ LANG ] /data/wwwroot/weiju01.git/thinkphp/lang/zh-cn.php
[ info ] [ ROUTE ] array (
  'type' => 'module',
  'module' => 
  array (
    0 => 'challenge',
    1 => 'Challenge',
    2 => 'deal',
  ),
  'convert' => false,
)
[ info ] [ HEADER ] array (
  'connection' => 'keep-alive',
  'content-length' => '0',
  'accept-encoding' => 'gzip, deflate',
  'host' => 'weiju-api.greatsir.com',
  'accept' => '*/*',
  'user-agent' => 'PostmanRuntime/6.4.1',
  'identity' => 'yezhu',
  'postman-token' => '21b9a170-572d-4cd2-8aee-acf7fcfd9f1e',
  'cache-control' => 'no-cache',
  'content-type' => '',
)
[ info ] [ PARAM ] array (
)
[ info ] [ RUN ] app\challenge\controller\Challenge->deal[ /data/wwwroot/weiju01.git/application/challenge/controller/Challenge.php ]
[ info ] [ LOG ] INIT File
---------------------------------------------------------------
[ 2018-01-29T16:17:46+08:00 ] 192.168.1.209 118.112.122.219 POST /challenge/deal
[ info ] weiju-api.greatsir.com/challenge/deal [运行时间：0.003325s][吞吐率：300.75req/s] [内存消耗：740.88kb] [文件加载：63]
[ info ] [ LANG ] /data/wwwroot/weiju01.git/thinkphp/lang/zh-cn.php
[ info ] [ ROUTE ] array (
  'type' => 'module',
  'module' => 
  array (
    0 => 'challenge',
    1 => 'Challenge',
    2 => 'deal',
  ),
  'convert' => false,
)
[ info ] [ HEADER ] array (
  'connection' => 'keep-alive',
  'content-length' => '0',
  'accept-encoding' => 'gzip, deflate',
  'host' => 'weiju-api.greatsir.com',
  'accept' => '*/*',
  'user-agent' => 'PostmanRuntime/6.4.1',
  'identity' => 'yezhu',
  'postman-token' => '980ca3a7-101b-4670-aa7b-30310ea43f26',
  'cache-control' => 'no-cache',
  'content-type' => '',
)
[ info ] [ PARAM ] array (
)
[ info ] [ RUN ] app\challenge\controller\Challenge->deal[ /data/wwwroot/weiju01.git/application/challenge/controller/Challenge.php ]
[ info ] [ LOG ] INIT File
---------------------------------------------------------------
[ 2018-01-29T16:31:50+08:00 ] 192.168.1.209 118.112.122.219 POST /challenge/deal
[ info ] weiju-api.greatsir.com/challenge/deal [运行时间：0.002981s][吞吐率：335.46req/s] [内存消耗：735.16kb] [文件加载：60]
[ info ] [ LANG ] /data/wwwroot/weiju01.git/thinkphp/lang/zh-cn.php
[ info ] [ ROUTE ] array (
  'type' => 'module',
  'module' => 
  array (
    0 => 'challenge',
    1 => 'Challenge',
    2 => 'deal',
  ),
  'convert' => false,
)
[ info ] [ HEADER ] array (
  'connection' => 'keep-alive',
  'content-length' => '0',
  'accept-encoding' => 'gzip, deflate',
  'host' => 'weiju-api.greatsir.com',
  'accept' => '*/*',
  'user-agent' => 'PostmanRuntime/6.4.1',
  'postman-token' => 'a6538f83-089e-4208-b9c6-871feae69cbc',
  'cache-control' => 'no-cache',
  'content-type' => '',
)
[ info ] [ PARAM ] array (
)
[ info ] [ LOG ] INIT File
---------------------------------------------------------------
[ 2018-01-29T16:34:15+08:00 ] 192.168.1.209 118.112.122.219 POST /challenge/deal
[ info ] weiju-api.greatsir.com/challenge/deal [运行时间：0.003201s][吞吐率：312.40req/s] [内存消耗：739.77kb] [文件加载：63]
[ info ] [ LANG ] /data/wwwroot/weiju01.git/thinkphp/lang/zh-cn.php
[ info ] [ ROUTE ] array (
  'type' => 'module',
  'module' => 
  array (
    0 => 'challenge',
    1 => 'Challenge',
    2 => 'deal',
  ),
  'convert' => false,
)
[ info ] [ HEADER ] array (
  'connection' => 'keep-alive',
  'content-length' => '0',
  'accept-encoding' => 'gzip, deflate',
  'host' => 'weiju-api.greatsir.com',
  'accept' => '*/*',
  'user-agent' => 'PostmanRuntime/6.4.1',
  'identity' => 'yezhu',
  'postman-token' => 'bf0244c6-f139-4da6-b412-2c30b5f31cfa',
  'cache-control' => 'no-cache',
  'content-type' => '',
)
[ info ] [ PARAM ] array (
)
[ info ] [ RUN ] app\challenge\controller\Challenge->deal[ /data/wwwroot/weiju01.git/application/challenge/controller/Challenge.php ]
[ info ] [ LOG ] INIT File
---------------------------------------------------------------
[ 2018-01-29T16:39:09+08:00 ] 192.168.1.209 118.112.122.219 POST /share/callback
[ info ] weiju-api.greatsir.com/share/callback [运行时间：0.023767s][吞吐率：42.07req/s] [内存消耗：1,040.65kb] [文件加载：72]
[ info ] [ LANG ] /data/wwwroot/weiju01.git/thinkphp/lang/zh-cn.php
[ info ] [ ROUTE ] array (
  'type' => 'module',
  'module' => 
  array (
    0 => 'share',
    1 => 'Share',
    2 => 'shareCallback',
  ),
  'convert' => false,
)
[ info ] [ HEADER ] array (
  'connection' => 'keep-alive',
  'content-length' => '0',
  'accept-encoding' => 'gzip, deflate',
  'host' => 'weiju-api.greatsir.com',
  'accept' => '*/*',
  'user-agent' => 'PostmanRuntime/6.4.1',
  'identity' => 'yezhu',
  'postman-token' => '729f26cb-1a46-4720-b7ec-2e378b4fd0c7',
  'cache-control' => 'no-cache',
  'content-type' => '',
)
[ info ] [ PARAM ] array (
)
[ info ] [ RUN ] app\share\controller\Share->shareCallback[ /data/wwwroot/weiju01.git/application/share/controller/Share.php ]
[ info ] [ DB ] INIT mysql
[ info ] [ LOG ] INIT File
[ error ] [1045]SQLSTATE[HY000] [1045] Access denied for user 'root'@'127.0.0.1' (using password: NO)[/data/wwwroot/weiju01.git/thinkphp/library/think/db/Connection.php:293]
---------------------------------------------------------------
[ 2018-01-29T16:39:54+08:00 ] 192.168.1.209 118.112.122.219 POST /share/callback
[ info ] weiju-api.greatsir.com/share/callback [运行时间：0.004157s][吞吐率：240.57req/s] [内存消耗：974.32kb] [文件加载：72]
[ info ] [ LANG ] /data/wwwroot/weiju01.git/thinkphp/lang/zh-cn.php
[ info ] [ ROUTE ] array (
  'type' => 'module',
  'module' => 
  array (
    0 => 'share',
    1 => 'Share',
    2 => 'shareCallback',
  ),
  'convert' => false,
)
[ info ] [ HEADER ] array (
  'connection' => 'keep-alive',
  'content-length' => '0',
  'accept-encoding' => 'gzip, deflate',
  'host' => 'weiju-api.greatsir.com',
  'accept' => '*/*',
  'user-agent' => 'PostmanRuntime/6.4.1',
  'identity' => 'yezhu',
  'postman-token' => 'b96f70d8-d2cc-483c-b4e4-d435059b002a',
  'cache-control' => 'no-cache',
  'content-type' => '',
)
[ info ] [ PARAM ] array (
)
[ info ] [ RUN ] app\share\controller\Share->shareCallback[ /data/wwwroot/weiju01.git/application/share/controller/Share.php ]
[ info ] [ DB ] INIT mysql
[ info ] [ LOG ] INIT File
[ error ] [1045]SQLSTATE[HY000] [1045] Access denied for user 'root'@'127.0.0.1' (using password: NO)[/data/wwwroot/weiju01.git/thinkphp/library/think/db/Connection.php:293]
---------------------------------------------------------------
[ 2018-01-29T16:39:55+08:00 ] 192.168.1.209 118.112.122.219 POST /share/callback
[ info ] weiju-api.greatsir.com/share/callback [运行时间：0.004147s][吞吐率：241.14req/s] [内存消耗：974.32kb] [文件加载：72]
[ info ] [ LANG ] /data/wwwroot/weiju01.git/thinkphp/lang/zh-cn.php
[ info ] [ ROUTE ] array (
  'type' => 'module',
  'module' => 
  array (
    0 => 'share',
    1 => 'Share',
    2 => 'shareCallback',
  ),
  'convert' => false,
)
[ info ] [ HEADER ] array (
  'connection' => 'keep-alive',
  'content-length' => '0',
  'accept-encoding' => 'gzip, deflate',
  'host' => 'weiju-api.greatsir.com',
  'accept' => '*/*',
  'user-agent' => 'PostmanRuntime/6.4.1',
  'identity' => 'yezhu',
  'postman-token' => 'db583799-1c25-45a5-83ee-bb635439c81e',
  'cache-control' => 'no-cache',
  'content-type' => '',
)
[ info ] [ PARAM ] array (
)
[ info ] [ RUN ] app\share\controller\Share->shareCallback[ /data/wwwroot/weiju01.git/application/share/controller/Share.php ]
[ info ] [ DB ] INIT mysql
[ info ] [ LOG ] INIT File
[ error ] [1045]SQLSTATE[HY000] [1045] Access denied for user 'root'@'127.0.0.1' (using password: NO)[/data/wwwroot/weiju01.git/thinkphp/library/think/db/Connection.php:293]
---------------------------------------------------------------
[ 2018-01-29T16:41:25+08:00 ] 192.168.1.209 118.112.122.219 POST /share/callback
[ info ] weiju-api.greatsir.com/share/callback [运行时间：0.003164s][吞吐率：316.05req/s] [内存消耗：735.52kb] [文件加载：60]
[ info ] [ LANG ] /data/wwwroot/weiju01.git/thinkphp/lang/zh-cn.php
[ info ] [ ROUTE ] array (
  'type' => 'module',
  'module' => 
  array (
    0 => 'share',
    1 => 'Share',
    2 => 'shareCallback',
  ),
  'convert' => false,
)
[ info ] [ HEADER ] array (
  'connection' => 'keep-alive',
  'content-length' => '0',
  'accept-encoding' => 'gzip, deflate',
  'host' => 'weiju-api.greatsir.com',
  'accept' => '*/*',
  'user-agent' => 'PostmanRuntime/6.4.1',
  'postman-token' => '9a13167c-e8e6-4605-a47f-4451ed6c703f',
  'cache-control' => 'no-cache',
  'content-type' => '',
)
[ info ] [ PARAM ] array (
)
[ info ] [ LOG ] INIT File
---------------------------------------------------------------
[ 2018-01-29T16:41:28+08:00 ] 192.168.1.209 118.112.122.219 POST /share/callback
[ info ] weiju-api.greatsir.com/share/callback [运行时间：0.004165s][吞吐率：240.10req/s] [内存消耗：854.48kb] [文件加载：71]
[ info ] [ LANG ] /data/wwwroot/weiju01.git/thinkphp/lang/zh-cn.php
[ info ] [ ROUTE ] array (
  'type' => 'module',
  'module' => 
  array (
    0 => 'share',
    1 => 'Share',
    2 => 'shareCallback',
  ),
  'convert' => false,
)
[ info ] [ HEADER ] array (
  'connection' => 'keep-alive',
  'content-length' => '0',
  'accept-encoding' => 'gzip, deflate',
  'host' => 'weiju-api.greatsir.com',
  'accept' => '*/*',
  'user-agent' => 'PostmanRuntime/6.4.1',
  'identity' => 'yezhu',
  'postman-token' => '847686f5-6c71-4d8e-b360-d0897e278553',
  'cache-control' => 'no-cache',
  'content-type' => '',
)
[ info ] [ PARAM ] array (
)
[ info ] [ RUN ] app\share\controller\Share->shareCallback[ /data/wwwroot/weiju01.git/application/share/controller/Share.php ]
[ info ] [ DB ] INIT mysql
[ info ] [ LOG ] INIT File
[ error ] [1045]SQLSTATE[HY000] [1045] Access denied for user 'root'@'127.0.0.1' (using password: NO)[/data/wwwroot/weiju01.git/thinkphp/library/think/db/Connection.php:293]
---------------------------------------------------------------
[ 2018-01-29T16:46:12+08:00 ] 192.168.1.209 118.112.122.219 POST /share/callback
[ info ] weiju-api.greatsir.com/share/callback [运行时间：0.003524s][吞吐率：283.78req/s] [内存消耗：740.92kb] [文件加载：63]
[ info ] [ LANG ] /data/wwwroot/weiju01.git/thinkphp/lang/zh-cn.php
[ info ] [ ROUTE ] array (
  'type' => 'module',
  'module' => 
  array (
    0 => 'share',
    1 => 'Share',
    2 => 'shareCallback',
  ),
  'convert' => false,
)
[ info ] [ HEADER ] array (
  'connection' => 'keep-alive',
  'content-length' => '0',
  'accept-encoding' => 'gzip, deflate',
  'host' => 'weiju-api.greatsir.com',
  'accept' => '*/*',
  'user-agent' => 'PostmanRuntime/6.4.1',
  'identity' => 'yezhu',
  'postman-token' => '501cf9fc-d239-4b42-8929-d3705afa577f',
  'cache-control' => 'no-cache',
  'content-type' => '',
)
[ info ] [ PARAM ] array (
)
[ info ] [ RUN ] app\share\controller\Share->shareCallback[ /data/wwwroot/weiju01.git/application/share/controller/Share.php ]
[ info ] [ LOG ] INIT File
---------------------------------------------------------------
[ 2018-01-29T17:33:28+08:00 ] 192.168.1.209 118.112.122.219 POST /
[ info ] weiju-api.greatsir.com/ [运行时间：0.008060s][吞吐率：124.07req/s] [内存消耗：740.63kb] [文件加载：59]
[ info ] [ LANG ] /data/wwwroot/weiju01.git/thinkphp/lang/zh-cn.php
[ info ] [ ROUTE ] array (
  'type' => 'module',
  'module' => 
  array (
    0 => '',
    1 => NULL,
    2 => NULL,
  ),
)
[ info ] [ HEADER ] array (
  'connection' => 'keep-alive',
  'content-length' => '0',
  'accept-encoding' => 'gzip, deflate',
  'host' => 'weiju-api.greatsir.com',
  'accept' => '*/*',
  'user-agent' => 'PostmanRuntime/6.4.1',
  'loginway' => 'account',
  'identity' => 'admin',
  'postman-token' => '30884830-7cc6-4fd3-bfe6-51fc7e04786a',
  'cache-control' => 'no-cache',
  'content-type' => '',
)
[ info ] [ PARAM ] array (
)
[ info ] [ RUN ] app\common\controller\Index->index[ /data/wwwroot/weiju01.git/application/common/controller/Index.php ]
[ info ] [ LOG ] INIT File
---------------------------------------------------------------
[ 2018-01-29T17:33:58+08:00 ] 192.168.1.209 118.112.122.219 POST /auth
[ info ] weiju-api.greatsir.com/auth [运行时间：0.009991s][吞吐率：100.09req/s] [内存消耗：819.02kb] [文件加载：69]
[ info ] [ LANG ] /data/wwwroot/weiju01.git/thinkphp/lang/zh-cn.php
[ info ] [ ROUTE ] array (
  'type' => 'module',
  'module' => 
  array (
    0 => 'common',
    1 => 'Auth',
    2 => 'createToken',
  ),
  'convert' => false,
)
[ info ] [ HEADER ] array (
  'connection' => 'keep-alive',
  'content-length' => '0',
  'accept-encoding' => 'gzip, deflate',
  'host' => 'weiju-api.greatsir.com',
  'accept' => '*/*',
  'user-agent' => 'PostmanRuntime/6.4.1',
  'loginway' => 'account',
  'identity' => 'admin',
  'postman-token' => 'e78e6ef3-8975-4503-bd5a-bfb193334447',
  'cache-control' => 'no-cache',
  'content-type' => '',
)
[ info ] [ PARAM ] array (
)
[ info ] [ RUN ] app\common\controller\Auth->createToken[ /data/wwwroot/weiju01.git/application/common/controller/Auth.php ]
[ info ] [ LOG ] INIT File
---------------------------------------------------------------
[ 2018-01-29T17:34:17+08:00 ] 192.168.1.209 118.112.122.219 POST /auth
[ info ] weiju-api.greatsir.com/auth [运行时间：0.006768s][吞吐率：147.75req/s] [内存消耗：958.81kb] [文件加载：83]
[ info ] [ LANG ] /data/wwwroot/weiju01.git/thinkphp/lang/zh-cn.php
[ info ] [ ROUTE ] array (
  'type' => 'module',
  'module' => 
  array (
    0 => 'common',
    1 => 'Auth',
    2 => 'createToken',
  ),
  'convert' => false,
)
[ info ] [ HEADER ] array (
  'connection' => 'keep-alive',
  'content-length' => '280',
  'content-type' => 'multipart/form-data; boundary=--------------------------704587206121700433391139',
  'accept-encoding' => 'gzip, deflate',
  'host' => 'weiju-api.greatsir.com',
  'accept' => '*/*',
  'user-agent' => 'PostmanRuntime/6.4.1',
  'loginway' => 'account',
  'identity' => 'admin',
  'postman-token' => 'f93263fd-8a7a-4c57-92e7-d30706d4c133',
  'cache-control' => 'no-cache',
)
[ info ] [ PARAM ] array (
  'account' => 'admin',
  'password' => '123456',
)
[ info ] [ RUN ] app\common\controller\Auth->createToken[ /data/wwwroot/weiju01.git/application/common/controller/Auth.php ]
[ info ] [ DB ] INIT mysql
[ info ] [ LOG ] INIT File
[ error ] [1045]SQLSTATE[HY000] [1045] Access denied for user 'root'@'127.0.0.1' (using password: YES)[/data/wwwroot/weiju01.git/thinkphp/library/think/db/Connection.php:293]
