<<<<<<< HEAD
---------------------------------------------------------------
[ 2018-01-30T15:47:36+08:00 ] 192.168.1.209 182.139.29.255 GET /share/callback
[ info ] weiju-api.greatsir.com/share/callback [运行时间：0.003149s][吞吐率：317.56req/s] [内存消耗：748.84kb] [文件加载：64]
[ info ] [ LANG ] /data/wwwroot/weiju01.git/thinkphp/lang/zh-cn.php
=======
---------------------------------------------------------------
[ 2018-01-30T16:56:22+08:00 ] 127.0.0.1 127.0.0.1 GET /rank/prizes_rank
[ info ] api.weiju.com/rank/prizes_rank [运行时间：0.053003s][吞吐率：18.87req/s] [内存消耗：2,498.91kb] [文件加载：73]
[ info ] [ LANG ] D:\phpStudy\WWW\weiju01\thinkphp\lang\zh-cn.php
>>>>>>> li
[ info ] [ ROUTE ] array (
  'type' => 'module',
  'module' => 
  array (
<<<<<<< HEAD
    0 => 'share',
    1 => 'Share',
    2 => 'shareCallback',
  ),
  'convert' => false,
)
[ info ] [ HEADER ] array (
  'connection' => 'keep-alive',
  'accept-encoding' => 'gzip, deflate',
  'host' => 'weiju-api.greatsir.com',
  'accept' => '*/*',
  'user-agent' => 'PostmanRuntime/6.4.1',
  'identity' => 'admin',
  'postman-token' => 'aa03727b-8583-42ea-8cba-86c974fd834d',
  'cache-control' => 'no-cache',
  'content-type' => '',
  'content-length' => '',
)
[ info ] [ PARAM ] array (
)
[ info ] [ RUN ] app\share\controller\Share->shareCallback[ /data/wwwroot/weiju01.git/application/share/controller/Share.php ]
[ info ] [ LOG ] INIT File
---------------------------------------------------------------
[ 2018-01-30T15:49:21+08:00 ] 192.168.1.209 182.139.29.255 GET /share/callback
[ info ] weiju-api.greatsir.com/share/callback [运行时间：0.003669s][吞吐率：272.55req/s] [内存消耗：736.62kb] [文件加载：58]
[ info ] [ LANG ] /data/wwwroot/weiju01.git/thinkphp/lang/zh-cn.php
=======
    0 => 'rank',
    1 => 'Rank',
    2 => 'prizes_rank',
  ),
  'convert' => false,
)
[ info ] [ HEADER ] array (
  'connection' => 'keep-alive',
  'accept-encoding' => 'gzip, deflate',
  'cookie' => 'PHPSESSID=o1l9s3cr9imco270hq3b9d9k41',
  'host' => 'api.weiju.com',
  'accept' => '*/*',
  'user-agent' => 'PostmanRuntime/3.0.9',
  'identity' => 'yezhu',
  'loginway' => 'account',
  'postman-token' => '586b699a-a091-4e8c-ad5d-f2c58e1987b1',
  'cache-control' => 'no-cache',
  'content-length' => '',
  'content-type' => '',
)
[ info ] [ PARAM ] array (
)
[ info ] [ RUN ] app\rank\controller\Rank->prizes_rank[ D:\phpStudy\WWW\weiju01\application\rank\controller\Rank.php ]
[ info ] [ CACHE ] INIT File
[ info ] [ DB ] INIT mysql
[ info ] [ LOG ] INIT File
[ sql ] [ DB ] CONNECT:[ UseTime:0.010001s ] mysql:dbname=weiju;host=127.0.0.1;charset=utf8
[ sql ] [ SQL ] SHOW COLUMNS FROM `wj_users` [ RunTime:0.012000s ]
---------------------------------------------------------------
[ 2018-01-30T17:02:50+08:00 ] 127.0.0.1 127.0.0.1 GET /rank/group_rank
[ info ] api.weiju.com/rank/group_rank [运行时间：0.020002s][吞吐率：49.99req/s] [内存消耗：1,809.80kb] [文件加载：63]
[ info ] [ LANG ] D:\phpStudy\WWW\weiju01\thinkphp\lang\zh-cn.php
[ info ] [ ROUTE ] array (
  'type' => 'module',
  'module' => 
  array (
    0 => 'rank',
    1 => 'Rank',
    2 => 'group_rank',
  ),
  'convert' => false,
)
[ info ] [ HEADER ] array (
  'connection' => 'keep-alive',
  'accept-encoding' => 'gzip, deflate',
  'cookie' => 'PHPSESSID=o1l9s3cr9imco270hq3b9d9k41',
  'host' => 'api.weiju.com',
  'accept' => '*/*',
  'user-agent' => 'PostmanRuntime/3.0.9',
  'identity' => 'yezhu',
  'loginway' => 'account',
  'postman-token' => '06351cd6-062f-4da2-9820-fe048d72fc5d',
  'cache-control' => 'no-cache',
  'content-length' => '',
  'content-type' => '',
)
[ info ] [ PARAM ] array (
)
[ info ] [ RUN ] app\rank\controller\Rank->group_rank[ D:\phpStudy\WWW\weiju01\application\rank\controller\Rank.php ]
[ info ] [ LOG ] INIT File
---------------------------------------------------------------
[ 2018-01-30T17:04:03+08:00 ] 127.0.0.1 127.0.0.1 GET /rank/group_rank
[ info ] api.weiju.com/rank/group_rank [运行时间：0.049002s][吞吐率：20.41req/s] [内存消耗：2,449.38kb] [文件加载：70]
[ info ] [ LANG ] D:\phpStudy\WWW\weiju01\thinkphp\lang\zh-cn.php
[ info ] [ ROUTE ] array (
  'type' => 'module',
  'module' => 
  array (
    0 => 'rank',
    1 => 'Rank',
    2 => 'group_rank',
  ),
  'convert' => false,
)
[ info ] [ HEADER ] array (
  'connection' => 'keep-alive',
  'accept-encoding' => 'gzip, deflate',
  'cookie' => 'PHPSESSID=o1l9s3cr9imco270hq3b9d9k41',
  'host' => 'api.weiju.com',
  'accept' => '*/*',
  'user-agent' => 'PostmanRuntime/3.0.9',
  'identity' => 'yezhu',
  'loginway' => 'account',
  'postman-token' => '645bdeed-5b17-40d4-99a8-1a8953d8ba26',
  'cache-control' => 'no-cache',
  'content-length' => '',
  'content-type' => '',
)
[ info ] [ PARAM ] array (
)
[ info ] [ RUN ] app\rank\controller\Rank->group_rank[ D:\phpStudy\WWW\weiju01\application\rank\controller\Rank.php ]
[ info ] [ DB ] INIT mysql
[ info ] [ LOG ] INIT File
[ sql ] [ DB ] CONNECT:[ UseTime:0.001000s ] mysql:dbname=weiju;host=127.0.0.1;charset=utf8
[ sql ] [ SQL ] SHOW COLUMNS FROM `wj_group` [ RunTime:0.013001s ]
[ sql ] [ SQL ] SHOW COLUMNS FROM `wj_users` [ RunTime:0.012000s ]
---------------------------------------------------------------
[ 2018-01-30T17:04:11+08:00 ] 127.0.0.1 127.0.0.1 GET /rank/group_rank
[ info ] api.weiju.com/rank/group_rank [运行时间：0.048003s][吞吐率：20.83req/s] [内存消耗：2,449.38kb] [文件加载：70]
[ info ] [ LANG ] D:\phpStudy\WWW\weiju01\thinkphp\lang\zh-cn.php
[ info ] [ ROUTE ] array (
  'type' => 'module',
  'module' => 
  array (
    0 => 'rank',
    1 => 'Rank',
    2 => 'group_rank',
  ),
  'convert' => false,
)
[ info ] [ HEADER ] array (
  'connection' => 'keep-alive',
  'accept-encoding' => 'gzip, deflate',
  'cookie' => 'PHPSESSID=o1l9s3cr9imco270hq3b9d9k41',
  'host' => 'api.weiju.com',
  'accept' => '*/*',
  'user-agent' => 'PostmanRuntime/3.0.9',
  'identity' => 'yezhu',
  'loginway' => 'account',
  'postman-token' => '6ea248f7-f654-4fab-b47c-2ccc6127f03e',
  'cache-control' => 'no-cache',
  'content-length' => '',
  'content-type' => '',
)
[ info ] [ PARAM ] array (
)
[ info ] [ RUN ] app\rank\controller\Rank->group_rank[ D:\phpStudy\WWW\weiju01\application\rank\controller\Rank.php ]
[ info ] [ DB ] INIT mysql
[ info ] [ LOG ] INIT File
[ sql ] [ DB ] CONNECT:[ UseTime:0.001000s ] mysql:dbname=weiju;host=127.0.0.1;charset=utf8
[ sql ] [ SQL ] SHOW COLUMNS FROM `wj_group` [ RunTime:0.012001s ]
[ sql ] [ SQL ] SHOW COLUMNS FROM `wj_users` [ RunTime:0.012001s ]
---------------------------------------------------------------
[ 2018-01-30T17:04:12+08:00 ] 127.0.0.1 127.0.0.1 GET /rank/group_rank
[ info ] api.weiju.com/rank/group_rank [运行时间：0.017001s][吞吐率：58.82req/s] [内存消耗：1,809.90kb] [文件加载：63]
[ info ] [ LANG ] D:\phpStudy\WWW\weiju01\thinkphp\lang\zh-cn.php
[ info ] [ ROUTE ] array (
  'type' => 'module',
  'module' => 
  array (
    0 => 'rank',
    1 => 'Rank',
    2 => 'group_rank',
  ),
  'convert' => false,
)
[ info ] [ HEADER ] array (
  'connection' => 'keep-alive',
  'accept-encoding' => 'gzip, deflate',
  'cookie' => 'PHPSESSID=o1l9s3cr9imco270hq3b9d9k41',
  'host' => 'api.weiju.com',
  'accept' => '*/*',
  'user-agent' => 'PostmanRuntime/3.0.9',
  'identity' => 'yezhu',
  'loginway' => 'account',
  'postman-token' => '3b116133-6bd6-465f-a5ee-63a614b3fbf5',
  'cache-control' => 'no-cache',
  'content-length' => '',
  'content-type' => '',
)
[ info ] [ PARAM ] array (
)
[ info ] [ RUN ] app\rank\controller\Rank->group_rank[ D:\phpStudy\WWW\weiju01\application\rank\controller\Rank.php ]
[ info ] [ LOG ] INIT File
---------------------------------------------------------------
[ 2018-01-30T17:05:53+08:00 ] 127.0.0.1 127.0.0.1 GET /rank/group_rank
[ info ] api.weiju.com/rank/group_rank [运行时间：0.020002s][吞吐率：49.99req/s] [内存消耗：1,809.90kb] [文件加载：63]
[ info ] [ LANG ] D:\phpStudy\WWW\weiju01\thinkphp\lang\zh-cn.php
[ info ] [ ROUTE ] array (
  'type' => 'module',
  'module' => 
  array (
    0 => 'rank',
    1 => 'Rank',
    2 => 'group_rank',
  ),
  'convert' => false,
)
[ info ] [ HEADER ] array (
  'connection' => 'keep-alive',
  'accept-encoding' => 'gzip, deflate',
  'cookie' => 'PHPSESSID=o1l9s3cr9imco270hq3b9d9k41',
  'host' => 'api.weiju.com',
  'accept' => '*/*',
  'user-agent' => 'PostmanRuntime/3.0.9',
  'identity' => 'yezhu',
  'loginway' => 'account',
  'postman-token' => '1ab2dc77-a190-4b1d-99b2-16a8a853bd65',
  'cache-control' => 'no-cache',
  'content-length' => '',
  'content-type' => '',
)
[ info ] [ PARAM ] array (
)
[ info ] [ RUN ] app\rank\controller\Rank->group_rank[ D:\phpStudy\WWW\weiju01\application\rank\controller\Rank.php ]
[ info ] [ LOG ] INIT File
---------------------------------------------------------------
[ 2018-01-30T17:05:54+08:00 ] 127.0.0.1 127.0.0.1 GET /rank/group_rank
[ info ] api.weiju.com/rank/group_rank [运行时间：0.017001s][吞吐率：58.82req/s] [内存消耗：1,809.90kb] [文件加载：63]
[ info ] [ LANG ] D:\phpStudy\WWW\weiju01\thinkphp\lang\zh-cn.php
>>>>>>> li
[ info ] [ ROUTE ] array (
  'type' => 'module',
  'module' => 
  array (
<<<<<<< HEAD
    0 => 'share',
    1 => 'Share',
    2 => 'shareCallback',
  ),
  'convert' => false,
)
[ info ] [ HEADER ] array (
  'connection' => 'keep-alive',
  'accept-encoding' => 'gzip, deflate',
  'host' => 'weiju-api.greatsir.com',
  'accept' => '*/*',
  'user-agent' => 'PostmanRuntime/6.4.1',
  'identity' => 'admin',
  'postman-token' => 'b777795f-a40f-4140-a2c4-5bbc7e8e4823',
  'cache-control' => 'no-cache',
  'content-type' => '',
  'content-length' => '',
)
[ info ] [ PARAM ] array (
)
[ info ] [ LOG ] INIT File
[ error ] [0]语法解析错误: syntax error, unexpected '$data' (T_VARIABLE)[/data/wwwroot/weiju01.git/application/share/controller/Share.php:23]
---------------------------------------------------------------
[ 2018-01-30T15:50:19+08:00 ] 192.168.1.209 182.139.29.255 GET /share/callback
[ info ] weiju-api.greatsir.com/share/callback [运行时间：0.002938s][吞吐率：340.36req/s] [内存消耗：746.06kb] [文件加载：61]
[ info ] [ LANG ] /data/wwwroot/weiju01.git/thinkphp/lang/zh-cn.php
=======
    0 => 'rank',
    1 => 'Rank',
    2 => 'group_rank',
  ),
  'convert' => false,
)
[ info ] [ HEADER ] array (
  'connection' => 'keep-alive',
  'accept-encoding' => 'gzip, deflate',
  'cookie' => 'PHPSESSID=o1l9s3cr9imco270hq3b9d9k41',
  'host' => 'api.weiju.com',
  'accept' => '*/*',
  'user-agent' => 'PostmanRuntime/3.0.9',
  'identity' => 'yezhu',
  'loginway' => 'account',
  'postman-token' => 'cd8f57f7-0c24-4574-8c41-9a3ecd615397',
  'cache-control' => 'no-cache',
  'content-length' => '',
  'content-type' => '',
)
[ info ] [ PARAM ] array (
)
[ info ] [ RUN ] app\rank\controller\Rank->group_rank[ D:\phpStudy\WWW\weiju01\application\rank\controller\Rank.php ]
[ info ] [ LOG ] INIT File
---------------------------------------------------------------
[ 2018-01-30T17:07:02+08:00 ] 127.0.0.1 127.0.0.1 GET /rank/group_rank
[ info ] api.weiju.com/rank/group_rank [运行时间：0.017001s][吞吐率：58.82req/s] [内存消耗：1,809.90kb] [文件加载：63]
[ info ] [ LANG ] D:\phpStudy\WWW\weiju01\thinkphp\lang\zh-cn.php
[ info ] [ ROUTE ] array (
  'type' => 'module',
  'module' => 
  array (
    0 => 'rank',
    1 => 'Rank',
    2 => 'group_rank',
  ),
  'convert' => false,
)
[ info ] [ HEADER ] array (
  'connection' => 'keep-alive',
  'accept-encoding' => 'gzip, deflate',
  'cookie' => 'PHPSESSID=o1l9s3cr9imco270hq3b9d9k41',
  'host' => 'api.weiju.com',
  'accept' => '*/*',
  'user-agent' => 'PostmanRuntime/3.0.9',
  'identity' => 'yezhu',
  'loginway' => 'account',
  'postman-token' => '113afc12-358e-4f1f-8833-7c2409b71dd5',
  'cache-control' => 'no-cache',
  'content-length' => '',
  'content-type' => '',
)
[ info ] [ PARAM ] array (
)
[ info ] [ RUN ] app\rank\controller\Rank->group_rank[ D:\phpStudy\WWW\weiju01\application\rank\controller\Rank.php ]
[ info ] [ LOG ] INIT File
---------------------------------------------------------------
[ 2018-01-30T17:10:11+08:00 ] 127.0.0.1 127.0.0.1 GET /rank/group_rank
[ info ] api.weiju.com/rank/group_rank [运行时间：0.021001s][吞吐率：47.62req/s] [内存消耗：1,809.33kb] [文件加载：63]
[ info ] [ LANG ] D:\phpStudy\WWW\weiju01\thinkphp\lang\zh-cn.php
>>>>>>> li
[ info ] [ ROUTE ] array (
  'type' => 'module',
  'module' => 
  array (
<<<<<<< HEAD
    0 => 'share',
    1 => 'Share',
    2 => 'shareCallback',
  ),
  'convert' => false,
)
[ info ] [ HEADER ] array (
  'connection' => 'keep-alive',
  'accept-encoding' => 'gzip, deflate',
  'host' => 'weiju-api.greatsir.com',
  'accept' => '*/*',
  'user-agent' => 'PostmanRuntime/6.4.1',
  'identity' => 'admin',
  'postman-token' => '2f00bc58-6595-4816-966b-29b18798fdf1',
  'cache-control' => 'no-cache',
  'content-type' => '',
  'content-length' => '',
)
[ info ] [ PARAM ] array (
)
[ info ] [ RUN ] app\share\controller\Share->shareCallback[ /data/wwwroot/weiju01.git/application/share/controller/Share.php ]
[ info ] [ LOG ] INIT File
---------------------------------------------------------------
[ 2018-01-30T15:51:31+08:00 ] 192.168.1.209 182.139.29.255 GET /share/callback
[ info ] weiju-api.greatsir.com/share/callback [运行时间：0.003396s][吞吐率：294.46req/s] [内存消耗：744.83kb] [文件加载：61]
[ info ] [ LANG ] /data/wwwroot/weiju01.git/thinkphp/lang/zh-cn.php
=======
    0 => 'rank',
    1 => 'Rank',
    2 => 'group_rank',
  ),
  'convert' => false,
)
[ info ] [ HEADER ] array (
  'connection' => 'keep-alive',
  'accept-encoding' => 'gzip, deflate',
  'cookie' => 'PHPSESSID=o1l9s3cr9imco270hq3b9d9k41',
  'host' => 'api.weiju.com',
  'accept' => '*/*',
  'user-agent' => 'PostmanRuntime/3.0.9',
  'identity' => 'yezhu',
  'loginway' => 'account',
  'postman-token' => 'd7925e9b-eef5-41e7-83de-f0a7a762e20e',
  'cache-control' => 'no-cache',
  'content-length' => '',
  'content-type' => '',
)
[ info ] [ PARAM ] array (
)
[ info ] [ RUN ] app\rank\controller\Rank->group_rank[ D:\phpStudy\WWW\weiju01\application\rank\controller\Rank.php ]
[ info ] [ LOG ] INIT File
---------------------------------------------------------------
[ 2018-01-30T17:10:17+08:00 ] 127.0.0.1 127.0.0.1 GET /rank/group_rank
[ info ] api.weiju.com/rank/group_rank [运行时间：0.047003s][吞吐率：21.28req/s] [内存消耗：2,448.81kb] [文件加载：70]
[ info ] [ LANG ] D:\phpStudy\WWW\weiju01\thinkphp\lang\zh-cn.php
[ info ] [ ROUTE ] array (
  'type' => 'module',
  'module' => 
  array (
    0 => 'rank',
    1 => 'Rank',
    2 => 'group_rank',
  ),
  'convert' => false,
)
[ info ] [ HEADER ] array (
  'connection' => 'keep-alive',
  'accept-encoding' => 'gzip, deflate',
  'cookie' => 'PHPSESSID=o1l9s3cr9imco270hq3b9d9k41',
  'host' => 'api.weiju.com',
  'accept' => '*/*',
  'user-agent' => 'PostmanRuntime/3.0.9',
  'identity' => 'yezhu',
  'loginway' => 'account',
  'postman-token' => 'b6badcce-4689-49ee-85f0-908619371d71',
  'cache-control' => 'no-cache',
  'content-length' => '',
  'content-type' => '',
)
[ info ] [ PARAM ] array (
)
[ info ] [ RUN ] app\rank\controller\Rank->group_rank[ D:\phpStudy\WWW\weiju01\application\rank\controller\Rank.php ]
[ info ] [ DB ] INIT mysql
[ info ] [ LOG ] INIT File
[ sql ] [ DB ] CONNECT:[ UseTime:0.001000s ] mysql:dbname=weiju;host=127.0.0.1;charset=utf8
[ sql ] [ SQL ] SHOW COLUMNS FROM `wj_group` [ RunTime:0.012001s ]
[ sql ] [ SQL ] SHOW COLUMNS FROM `wj_users` [ RunTime:0.012001s ]
---------------------------------------------------------------
[ 2018-01-30T17:10:22+08:00 ] 127.0.0.1 127.0.0.1 GET /rank/group_rank
[ info ] api.weiju.com/rank/group_rank [运行时间：0.034002s][吞吐率：29.41req/s] [内存消耗：2,444.86kb] [文件加载：70]
[ info ] [ LANG ] D:\phpStudy\WWW\weiju01\thinkphp\lang\zh-cn.php
>>>>>>> li
[ info ] [ ROUTE ] array (
  'type' => 'module',
  'module' => 
  array (
<<<<<<< HEAD
    0 => 'share',
    1 => 'Share',
    2 => 'shareCallback',
  ),
  'convert' => false,
)
[ info ] [ HEADER ] array (
  'connection' => 'keep-alive',
  'accept-encoding' => 'gzip, deflate',
  'host' => 'weiju-api.greatsir.com',
  'accept' => '*/*',
  'user-agent' => 'PostmanRuntime/6.4.1',
  'identity' => 'admin',
  'postman-token' => 'ebab1164-0b34-439a-978e-53e44a506cb7',
  'cache-control' => 'no-cache',
  'content-type' => '',
  'content-length' => '',
)
[ info ] [ PARAM ] array (
)
[ info ] [ RUN ] app\share\controller\Share->shareCallback[ /data/wwwroot/weiju01.git/application/share/controller/Share.php ]
[ info ] [ LOG ] INIT File
---------------------------------------------------------------
[ 2018-01-30T15:51:39+08:00 ] 192.168.1.209 182.139.29.255 GET /share/callback
[ info ] weiju-api.greatsir.com/share/callback [运行时间：0.002654s][吞吐率：376.78req/s] [内存消耗：743.73kb] [文件加载：61]
[ info ] [ LANG ] /data/wwwroot/weiju01.git/thinkphp/lang/zh-cn.php
=======
    0 => 'rank',
    1 => 'Rank',
    2 => 'group_rank',
  ),
  'convert' => false,
)
[ info ] [ HEADER ] array (
  'connection' => 'keep-alive',
  'accept-encoding' => 'gzip, deflate',
  'cookie' => 'PHPSESSID=o1l9s3cr9imco270hq3b9d9k41',
  'host' => 'api.weiju.com',
  'accept' => '*/*',
  'user-agent' => 'PostmanRuntime/3.0.9',
  'identity' => 'yezhu',
  'loginway' => 'account',
  'postman-token' => 'd9133c18-4710-495c-b991-5891bfb39f41',
  'cache-control' => 'no-cache',
  'content-length' => '',
  'content-type' => '',
)
[ info ] [ PARAM ] array (
)
[ info ] [ RUN ] app\rank\controller\Rank->group_rank[ D:\phpStudy\WWW\weiju01\application\rank\controller\Rank.php ]
[ info ] [ DB ] INIT mysql
[ info ] [ LOG ] INIT File
[ sql ] [ DB ] CONNECT:[ UseTime:0.000000s ] mysql:dbname=weiju;host=127.0.0.1;charset=utf8
[ sql ] [ SQL ] SHOW COLUMNS FROM `wj_group` [ RunTime:0.010000s ]
---------------------------------------------------------------
[ 2018-01-30T17:10:54+08:00 ] 127.0.0.1 127.0.0.1 GET /rank/group_rank
[ info ] api.weiju.com/rank/group_rank [运行时间：0.033002s][吞吐率：30.30req/s] [内存消耗：2,444.82kb] [文件加载：70]
[ info ] [ LANG ] D:\phpStudy\WWW\weiju01\thinkphp\lang\zh-cn.php
[ info ] [ ROUTE ] array (
  'type' => 'module',
  'module' => 
  array (
    0 => 'rank',
    1 => 'Rank',
    2 => 'group_rank',
  ),
  'convert' => false,
)
[ info ] [ HEADER ] array (
  'connection' => 'keep-alive',
  'accept-encoding' => 'gzip, deflate',
  'cookie' => 'PHPSESSID=o1l9s3cr9imco270hq3b9d9k41',
  'host' => 'api.weiju.com',
  'accept' => '*/*',
  'user-agent' => 'PostmanRuntime/3.0.9',
  'identity' => 'yezhu',
  'loginway' => 'account',
  'postman-token' => '28e04c07-e9f8-471d-ae4e-939a95b98645',
  'cache-control' => 'no-cache',
  'content-length' => '',
  'content-type' => '',
)
[ info ] [ PARAM ] array (
)
[ info ] [ RUN ] app\rank\controller\Rank->group_rank[ D:\phpStudy\WWW\weiju01\application\rank\controller\Rank.php ]
[ info ] [ DB ] INIT mysql
[ info ] [ LOG ] INIT File
[ sql ] [ DB ] CONNECT:[ UseTime:0.000000s ] mysql:dbname=weiju;host=127.0.0.1;charset=utf8
[ sql ] [ SQL ] SHOW COLUMNS FROM `wj_group` [ RunTime:0.011001s ]
---------------------------------------------------------------
[ 2018-01-30T17:11:19+08:00 ] 127.0.0.1 127.0.0.1 GET /rank/group_rank
[ info ] api.weiju.com/rank/group_rank [运行时间：0.055003s][吞吐率：18.18req/s] [内存消耗：2,448.77kb] [文件加载：70]
[ info ] [ LANG ] D:\phpStudy\WWW\weiju01\thinkphp\lang\zh-cn.php
>>>>>>> li
[ info ] [ ROUTE ] array (
  'type' => 'module',
  'module' => 
  array (
<<<<<<< HEAD
    0 => 'share',
    1 => 'Share',
    2 => 'shareCallback',
  ),
  'convert' => false,
)
[ info ] [ HEADER ] array (
  'connection' => 'keep-alive',
  'accept-encoding' => 'gzip, deflate',
  'host' => 'weiju-api.greatsir.com',
  'accept' => '*/*',
  'user-agent' => 'PostmanRuntime/6.4.1',
  'identity' => 'admin',
  'postman-token' => 'fc038a72-b8b7-4d61-b52c-c16d67e867af',
  'cache-control' => 'no-cache',
  'content-type' => '',
  'content-length' => '',
)
[ info ] [ PARAM ] array (
)
[ info ] [ RUN ] app\share\controller\Share->shareCallback[ /data/wwwroot/weiju01.git/application/share/controller/Share.php ]
[ info ] [ LOG ] INIT File
=======
    0 => 'rank',
    1 => 'Rank',
    2 => 'group_rank',
  ),
  'convert' => false,
)
[ info ] [ HEADER ] array (
  'connection' => 'keep-alive',
  'accept-encoding' => 'gzip, deflate',
  'cookie' => 'PHPSESSID=o1l9s3cr9imco270hq3b9d9k41',
  'host' => 'api.weiju.com',
  'accept' => '*/*',
  'user-agent' => 'PostmanRuntime/3.0.9',
  'identity' => 'yezhu',
  'loginway' => 'account',
  'postman-token' => '2e103487-e6f4-4746-90b1-7acd95f94b3a',
  'cache-control' => 'no-cache',
  'content-length' => '',
  'content-type' => '',
)
[ info ] [ PARAM ] array (
)
[ info ] [ RUN ] app\rank\controller\Rank->group_rank[ D:\phpStudy\WWW\weiju01\application\rank\controller\Rank.php ]
[ info ] [ DB ] INIT mysql
[ info ] [ LOG ] INIT File
[ sql ] [ DB ] CONNECT:[ UseTime:0.010000s ] mysql:dbname=weiju;host=127.0.0.1;charset=utf8
[ sql ] [ SQL ] SHOW COLUMNS FROM `wj_group` [ RunTime:0.012001s ]
[ sql ] [ SQL ] SHOW COLUMNS FROM `wj_users` [ RunTime:0.009001s ]
---------------------------------------------------------------
[ 2018-01-30T17:11:24+08:00 ] 127.0.0.1 127.0.0.1 GET /rank/group_rank
[ info ] api.weiju.com/rank/group_rank [运行时间：0.017001s][吞吐率：58.82req/s] [内存消耗：1,809.29kb] [文件加载：63]
[ info ] [ LANG ] D:\phpStudy\WWW\weiju01\thinkphp\lang\zh-cn.php
[ info ] [ ROUTE ] array (
  'type' => 'module',
  'module' => 
  array (
    0 => 'rank',
    1 => 'Rank',
    2 => 'group_rank',
  ),
  'convert' => false,
)
[ info ] [ HEADER ] array (
  'connection' => 'keep-alive',
  'accept-encoding' => 'gzip, deflate',
  'cookie' => 'PHPSESSID=o1l9s3cr9imco270hq3b9d9k41',
  'host' => 'api.weiju.com',
  'accept' => '*/*',
  'user-agent' => 'PostmanRuntime/3.0.9',
  'identity' => 'yezhu',
  'loginway' => 'account',
  'postman-token' => 'ed811cab-f0aa-4cc1-88ca-1606af2b2bf0',
  'cache-control' => 'no-cache',
  'content-length' => '',
  'content-type' => '',
)
[ info ] [ PARAM ] array (
)
[ info ] [ RUN ] app\rank\controller\Rank->group_rank[ D:\phpStudy\WWW\weiju01\application\rank\controller\Rank.php ]
[ info ] [ LOG ] INIT File
>>>>>>> li
